Using pre-set license
Built from '2020.3/release' branch; Version is '2020.3.1f1 (77a89f25062f) revision 7841951'; Using compiler version '192528614'; Build Type 'Release'
OS: 'Windows 10 Pro; OS build 19041.264; Version 2004; 64bit' Language: 'pt' Physical Memory: 16291 MB
BatchMode: 1, IsHumanControllingUs: 0, StartBugReporterOnCrash: 0, Is64bit: 1, IsPro: 0

 COMMAND LINE ARGUMENTS:
C:\Program Files\Unity\Hub\Editor\2020.3.1f1\Editor\Unity.exe
-adb2
-batchMode
-noUpm
-name
AssetImportWorker0
-projectPath
C:/Users/Pichau/Documents/UnityProjects/Insects
-logFile
Logs/AssetImportWorker0.log
-srvPort
52414
Successfully changed project path to: C:/Users/Pichau/Documents/UnityProjects/Insects
C:/Users/Pichau/Documents/UnityProjects/Insects
Using Asset Import Pipeline V2.
Refreshing native plugins compatible for Editor in 19.61 ms, found 0 plugins.
Preloading 0 native plugins for Editor in 0.00 ms.
Initialize engine version: 2020.3.1f1 (77a89f25062f)
[Subsystems] Discovering subsystems at path C:/Program Files/Unity/Hub/Editor/2020.3.1f1/Editor/Data/Resources/UnitySubsystems
[Subsystems] Discovering subsystems at path C:/Users/Pichau/Documents/UnityProjects/Insects/Assets
GfxDevice: creating device client; threaded=0
Direct3D:
    Version:  Direct3D 11.0 [level 11.1]
    Renderer: NVIDIA GeForce GTX 1650 (ID=0x1f82)
    Vendor:   
    VRAM:     3962 MB
    Driver:   27.21.14.6151
Initialize mono
Mono path[0] = 'C:/Program Files/Unity/Hub/Editor/2020.3.1f1/Editor/Data/Managed'
Mono path[1] = 'C:/Program Files/Unity/Hub/Editor/2020.3.1f1/Editor/Data/MonoBleedingEdge/lib/mono/unityjit'
Mono config path = 'C:/Program Files/Unity/Hub/Editor/2020.3.1f1/Editor/Data/MonoBleedingEdge/etc'
Using monoOptions --debugger-agent=transport=dt_socket,embedding=1,server=y,suspend=n,address=127.0.0.1:56704
Begin MonoManager ReloadAssembly
Registering precompiled unity dll's ...
Register platform support module: C:/Program Files/Unity/Hub/Editor/2020.3.1f1/Editor/Data/PlaybackEngines/WindowsStandaloneSupport/UnityEditor.WindowsStandalone.Extensions.dll
Registered in 0.001354 seconds.
Native extension for WindowsStandalone target not found
Refreshing native plugins compatible for Editor in 19.30 ms, found 0 plugins.
Preloading 0 native plugins for Editor in 0.00 ms.
Invoked RoslynAnalysisRunner static constructor.
RoslynAnalysisRunner will not be running.
RoslynAnalysisRunner has terminated.
Mono: successfully reloaded assembly
- Completed reload, in  0.805 seconds
Platform modules already initialized, skipping
Registering precompiled user dll's ...
Registered in 0.000491 seconds.
Begin MonoManager ReloadAssembly
Native extension for WindowsStandalone target not found
Refreshing native plugins compatible for Editor in 0.19 ms, found 0 plugins.
Preloading 0 native plugins for Editor in 0.00 ms.
Invoked RoslynAnalysisRunner static constructor.
RoslynAnalysisRunner will not be running.
RoslynAnalysisRunner has terminated.
Mono: successfully reloaded assembly
- Completed reload, in  0.657 seconds
Platform modules already initialized, skipping
========================================================================
Worker process is ready to serve import requests
Launched and connected shader compiler UnityShaderCompiler.exe after 0.03 seconds
Refreshing native plugins compatible for Editor in 0.30 ms, found 0 plugins.
Preloading 0 native plugins for Editor in 0.00 ms.
Unloading 1113 Unused Serialized files (Serialized files now loaded: 0)
System memory in use before: 56.8 MB.
System memory in use after: 56.9 MB.

Unloading 10 unused Assets to reduce memory usage. Loaded Objects now: 1555.
Total: 1.668300 ms (FindLiveObjects: 0.128700 ms CreateObjectMapping: 0.035700 ms MarkObjects: 1.425600 ms  DeleteObjects: 0.077000 ms)

========================================================================
Received Import Request.
  path: Assets
  artifactKey: Guid(00000000000000001000000000000000) Importer(815301076,1909f56bfc062723c751e8b465ee728b)
Start importing Assets using Guid(00000000000000001000000000000000) Importer(815301076,1909f56bfc062723c751e8b465ee728b)  -> (artifact id: 'a6374019befeac6ce670f13ba9960efb') in 0.007745 seconds
  Import took 0.009427 seconds .

========================================================================
Received Import Request.
  Time since last request: 1.976134 seconds.
  path: Assets/Scripts
  artifactKey: Guid(b3de875ab1741ca4d8e702e2bdee3533) Importer(815301076,1909f56bfc062723c751e8b465ee728b)
Start importing Assets/Scripts using Guid(b3de875ab1741ca4d8e702e2bdee3533) Importer(815301076,1909f56bfc062723c751e8b465ee728b)  -> (artifact id: 'c04d882e51d720fb4811fa34f1686191') in 0.007490 seconds
  Import took 0.009633 seconds .

========================================================================
Received Import Request.
  Time since last request: 0.000407 seconds.
  path: Assets/Scripts
  artifactKey: Guid(b3de875ab1741ca4d8e702e2bdee3533) Importer(815301076,1909f56bfc062723c751e8b465ee728b)
Start importing Assets/Scripts using Guid(b3de875ab1741ca4d8e702e2bdee3533) Importer(815301076,1909f56bfc062723c751e8b465ee728b)  -> (artifact id: 'c04d882e51d720fb4811fa34f1686191') in 0.002613 seconds
  Import took 0.004691 seconds .

========================================================================
Received Prepare
Registering precompiled user dll's ...
Registered in 0.000540 seconds.
Begin MonoManager ReloadAssembly
Native extension for WindowsStandalone target not found
Refreshing native plugins compatible for Editor in 0.19 ms, found 0 plugins.
Preloading 0 native plugins for Editor in 0.00 ms.
Invoked RoslynAnalysisRunner static constructor.
RoslynAnalysisRunner will not be running.
RoslynAnalysisRunner has terminated.
Mono: successfully reloaded assembly
- Completed reload, in  0.646 seconds
Platform modules already initialized, skipping
Refreshing native plugins compatible for Editor in 0.19 ms, found 0 plugins.
Preloading 0 native plugins for Editor in 0.00 ms.
Unloading 1108 Unused Serialized files (Serialized files now loaded: 0)
System memory in use before: 56.8 MB.
System memory in use after: 56.9 MB.

Unloading 5 unused Assets to reduce memory usage. Loaded Objects now: 1558.
Total: 1.525800 ms (FindLiveObjects: 0.183600 ms CreateObjectMapping: 0.041400 ms MarkObjects: 1.218100 ms  DeleteObjects: 0.081900 ms)

========================================================================
Received Import Request.
  Time since last request: 267.138250 seconds.
  path: Assets/Scripts/InverseKinematic.cs
  artifactKey: Guid(8fd47dfd9d9ed6c45895d845b0ad3ea0) Importer(815301076,1909f56bfc062723c751e8b465ee728b)
Start importing Assets/Scripts/InverseKinematic.cs using Guid(8fd47dfd9d9ed6c45895d845b0ad3ea0) Importer(815301076,1909f56bfc062723c751e8b465ee728b)  -> (artifact id: '5cc339e4fa241c106042c2156105d370') in 0.025654 seconds
  Import took 0.028122 seconds .

========================================================================
Received Prepare
Registering precompiled user dll's ...
Registered in 0.000550 seconds.
Begin MonoManager ReloadAssembly
Native extension for WindowsStandalone target not found
Refreshing native plugins compatible for Editor in 0.28 ms, found 0 plugins.
Preloading 0 native plugins for Editor in 0.00 ms.
Invoked RoslynAnalysisRunner static constructor.
RoslynAnalysisRunner will not be running.
RoslynAnalysisRunner has terminated.
Mono: successfully reloaded assembly
- Completed reload, in  0.681 seconds
Platform modules already initialized, skipping
Refreshing native plugins compatible for Editor in 0.23 ms, found 0 plugins.
Preloading 0 native plugins for Editor in 0.00 ms.
Unloading 1109 Unused Serialized files (Serialized files now loaded: 0)
System memory in use before: 56.8 MB.
System memory in use after: 56.9 MB.

Unloading 5 unused Assets to reduce memory usage. Loaded Objects now: 1562.
Total: 2.128000 ms (FindLiveObjects: 0.228900 ms CreateObjectMapping: 0.063000 ms MarkObjects: 1.756200 ms  DeleteObjects: 0.078000 ms)

========================================================================
Received Prepare
Registering precompiled user dll's ...
Registered in 0.000602 seconds.
Begin MonoManager ReloadAssembly
Native extension for WindowsStandalone target not found
Refreshing native plugins compatible for Editor in 0.20 ms, found 0 plugins.
Preloading 0 native plugins for Editor in 0.00 ms.
Invoked RoslynAnalysisRunner static constructor.
RoslynAnalysisRunner will not be running.
RoslynAnalysisRunner has terminated.
Mono: successfully reloaded assembly
- Completed reload, in  0.659 seconds
Platform modules already initialized, skipping
Refreshing native plugins compatible for Editor in 0.21 ms, found 0 plugins.
Preloading 0 native plugins for Editor in 0.00 ms.
Unloading 1109 Unused Serialized files (Serialized files now loaded: 0)
System memory in use before: 56.9 MB.
System memory in use after: 56.9 MB.

Unloading 5 unused Assets to reduce memory usage. Loaded Objects now: 1565.
Total: 1.501200 ms (FindLiveObjects: 0.132800 ms CreateObjectMapping: 0.046400 ms MarkObjects: 1.282200 ms  DeleteObjects: 0.039000 ms)

========================================================================
Received Import Request.
  Time since last request: 87.146976 seconds.
  path: Assets/Scripts/InverseKinematic.cs
  artifactKey: Guid(8fd47dfd9d9ed6c45895d845b0ad3ea0) Importer(815301076,1909f56bfc062723c751e8b465ee728b)
Start importing Assets/Scripts/InverseKinematic.cs using Guid(8fd47dfd9d9ed6c45895d845b0ad3ea0) Importer(815301076,1909f56bfc062723c751e8b465ee728b)  -> (artifact id: '9c03bd931bf5fc0c4e425c0f22d6914f') in 0.006398 seconds
  Import took 0.008213 seconds .

========================================================================
Received Prepare
Registering precompiled user dll's ...
Registered in 0.000622 seconds.
Begin MonoManager ReloadAssembly
Native extension for WindowsStandalone target not found
Refreshing native plugins compatible for Editor in 0.19 ms, found 0 plugins.
Preloading 0 native plugins for Editor in 0.00 ms.
Invoked RoslynAnalysisRunner static constructor.
RoslynAnalysisRunner will not be running.
RoslynAnalysisRunner has terminated.
Mono: successfully reloaded assembly
- Completed reload, in  0.642 seconds
Platform modules already initialized, skipping
Refreshing native plugins compatible for Editor in 0.20 ms, found 0 plugins.
Preloading 0 native plugins for Editor in 0.00 ms.
Unloading 1109 Unused Serialized files (Serialized files now loaded: 0)
System memory in use before: 56.9 MB.
System memory in use after: 56.9 MB.

Unloading 5 unused Assets to reduce memory usage. Loaded Objects now: 1568.
Total: 1.806900 ms (FindLiveObjects: 0.252100 ms CreateObjectMapping: 0.062200 ms MarkObjects: 1.440500 ms  DeleteObjects: 0.051300 ms)

========================================================================
Received Prepare
Registering precompiled user dll's ...
Registered in 0.001031 seconds.
Begin MonoManager ReloadAssembly
Native extension for WindowsStandalone target not found
Refreshing native plugins compatible for Editor in 0.19 ms, found 0 plugins.
Preloading 0 native plugins for Editor in 0.00 ms.
Invoked RoslynAnalysisRunner static constructor.
RoslynAnalysisRunner will not be running.
RoslynAnalysisRunner has terminated.
Mono: successfully reloaded assembly
- Completed reload, in  0.660 seconds
Platform modules already initialized, skipping
Refreshing native plugins compatible for Editor in 0.20 ms, found 0 plugins.
Preloading 0 native plugins for Editor in 0.00 ms.
Unloading 1109 Unused Serialized files (Serialized files now loaded: 0)
System memory in use before: 56.9 MB.
System memory in use after: 57.0 MB.

Unloading 5 unused Assets to reduce memory usage. Loaded Objects now: 1571.
Total: 1.824700 ms (FindLiveObjects: 0.211900 ms CreateObjectMapping: 0.066400 ms MarkObjects: 1.491600 ms  DeleteObjects: 0.053800 ms)

========================================================================
Received Import Request.
  Time since last request: 409.088644 seconds.
  path: Assets/Scripts/InverseKinematic.cs
  artifactKey: Guid(8fd47dfd9d9ed6c45895d845b0ad3ea0) Importer(815301076,1909f56bfc062723c751e8b465ee728b)
Start importing Assets/Scripts/InverseKinematic.cs using Guid(8fd47dfd9d9ed6c45895d845b0ad3ea0) Importer(815301076,1909f56bfc062723c751e8b465ee728b)  -> (artifact id: 'ea3d3530b597f680d435154e05624523') in 0.004533 seconds
  Import took 0.006363 seconds .

========================================================================
Received Prepare
Registering precompiled user dll's ...
Registered in 0.000505 seconds.
Begin MonoManager ReloadAssembly
Native extension for WindowsStandalone target not found
Refreshing native plugins compatible for Editor in 0.20 ms, found 0 plugins.
Preloading 0 native plugins for Editor in 0.00 ms.
Invoked RoslynAnalysisRunner static constructor.
RoslynAnalysisRunner will not be running.
RoslynAnalysisRunner has terminated.
Mono: successfully reloaded assembly
- Completed reload, in  0.636 seconds
Platform modules already initialized, skipping
Refreshing native plugins compatible for Editor in 0.20 ms, found 0 plugins.
Preloading 0 native plugins for Editor in 0.00 ms.
Unloading 1109 Unused Serialized files (Serialized files now loaded: 0)
System memory in use before: 56.9 MB.
System memory in use after: 57.0 MB.

Unloading 5 unused Assets to reduce memory usage. Loaded Objects now: 1574.
Total: 1.837800 ms (FindLiveObjects: 0.159800 ms CreateObjectMapping: 0.068000 ms MarkObjects: 1.561100 ms  DeleteObjects: 0.047300 ms)

========================================================================
Received Prepare
Registering precompiled user dll's ...
Registered in 0.000912 seconds.
Begin MonoManager ReloadAssembly
Native extension for WindowsStandalone target not found
Refreshing native plugins compatible for Editor in 0.20 ms, found 0 plugins.
Preloading 0 native plugins for Editor in 0.00 ms.
Invoked RoslynAnalysisRunner static constructor.
RoslynAnalysisRunner will not be running.
RoslynAnalysisRunner has terminated.
Mono: successfully reloaded assembly
- Completed reload, in  0.638 seconds
Platform modules already initialized, skipping
Refreshing native plugins compatible for Editor in 0.20 ms, found 0 plugins.
Preloading 0 native plugins for Editor in 0.00 ms.
Unloading 1109 Unused Serialized files (Serialized files now loaded: 0)
System memory in use before: 56.9 MB.
System memory in use after: 57.0 MB.

Unloading 5 unused Assets to reduce memory usage. Loaded Objects now: 1577.
Total: 1.606300 ms (FindLiveObjects: 0.193800 ms CreateObjectMapping: 0.059000 ms MarkObjects: 1.292800 ms  DeleteObjects: 0.059500 ms)

========================================================================
Received Prepare
Registering precompiled user dll's ...
Registered in 0.000497 seconds.
Begin MonoManager ReloadAssembly
Native extension for WindowsStandalone target not found
Refreshing native plugins compatible for Editor in 0.19 ms, found 0 plugins.
Preloading 0 native plugins for Editor in 0.00 ms.
Invoked RoslynAnalysisRunner static constructor.
RoslynAnalysisRunner will not be running.
RoslynAnalysisRunner has terminated.
Mono: successfully reloaded assembly
- Completed reload, in  0.638 seconds
Platform modules already initialized, skipping
Refreshing native plugins compatible for Editor in 0.24 ms, found 0 plugins.
Preloading 0 native plugins for Editor in 0.00 ms.
Unloading 1109 Unused Serialized files (Serialized files now loaded: 0)
System memory in use before: 56.9 MB.
System memory in use after: 57.0 MB.

Unloading 5 unused Assets to reduce memory usage. Loaded Objects now: 1580.
Total: 3.009400 ms (FindLiveObjects: 0.309600 ms CreateObjectMapping: 0.093300 ms MarkObjects: 2.524200 ms  DeleteObjects: 0.079600 ms)

========================================================================
Received Prepare
Registering precompiled user dll's ...
Registered in 0.000507 seconds.
Begin MonoManager ReloadAssembly
Native extension for WindowsStandalone target not found
Refreshing native plugins compatible for Editor in 0.20 ms, found 0 plugins.
Preloading 0 native plugins for Editor in 0.00 ms.
Invoked RoslynAnalysisRunner static constructor.
RoslynAnalysisRunner will not be running.
RoslynAnalysisRunner has terminated.
Mono: successfully reloaded assembly
- Completed reload, in  0.645 seconds
Platform modules already initialized, skipping
Refreshing native plugins compatible for Editor in 0.19 ms, found 0 plugins.
Preloading 0 native plugins for Editor in 0.00 ms.
Unloading 1109 Unused Serialized files (Serialized files now loaded: 0)
System memory in use before: 56.9 MB.
System memory in use after: 57.0 MB.

Unloading 5 unused Assets to reduce memory usage. Loaded Objects now: 1583.
Total: 1.521000 ms (FindLiveObjects: 0.167600 ms CreateObjectMapping: 0.065900 ms MarkObjects: 1.208800 ms  DeleteObjects: 0.077500 ms)

========================================================================
Received Prepare
Registering precompiled user dll's ...
Registered in 0.000503 seconds.
Begin MonoManager ReloadAssembly
Native extension for WindowsStandalone target not found
Refreshing native plugins compatible for Editor in 0.19 ms, found 0 plugins.
Preloading 0 native plugins for Editor in 0.00 ms.
Invoked RoslynAnalysisRunner static constructor.
RoslynAnalysisRunner will not be running.
RoslynAnalysisRunner has terminated.
Mono: successfully reloaded assembly
- Completed reload, in  0.661 seconds
Platform modules already initialized, skipping
Refreshing native plugins compatible for Editor in 0.20 ms, found 0 plugins.
Preloading 0 native plugins for Editor in 0.00 ms.
Unloading 1109 Unused Serialized files (Serialized files now loaded: 0)
System memory in use before: 56.9 MB.
System memory in use after: 57.0 MB.

Unloading 5 unused Assets to reduce memory usage. Loaded Objects now: 1586.
Total: 1.507100 ms (FindLiveObjects: 0.130500 ms CreateObjectMapping: 0.073100 ms MarkObjects: 1.225100 ms  DeleteObjects: 0.076800 ms)

========================================================================
Received Prepare
Registering precompiled user dll's ...
Registered in 0.000476 seconds.
Begin MonoManager ReloadAssembly
Native extension for WindowsStandalone target not found
Refreshing native plugins compatible for Editor in 0.20 ms, found 0 plugins.
Preloading 0 native plugins for Editor in 0.00 ms.
Invoked RoslynAnalysisRunner static constructor.
RoslynAnalysisRunner will not be running.
RoslynAnalysisRunner has terminated.
Mono: successfully reloaded assembly
- Completed reload, in  0.634 seconds
Platform modules already initialized, skipping
Refreshing native plugins compatible for Editor in 0.20 ms, found 0 plugins.
Preloading 0 native plugins for Editor in 0.00 ms.
Unloading 1109 Unused Serialized files (Serialized files now loaded: 0)
System memory in use before: 57.0 MB.
System memory in use after: 57.0 MB.

Unloading 5 unused Assets to reduce memory usage. Loaded Objects now: 1589.
Total: 1.794500 ms (FindLiveObjects: 0.180800 ms CreateObjectMapping: 0.054700 ms MarkObjects: 1.498000 ms  DeleteObjects: 0.060300 ms)

========================================================================
Received Prepare
Registering precompiled user dll's ...
Registered in 0.000490 seconds.
Begin MonoManager ReloadAssembly
Native extension for WindowsStandalone target not found
Refreshing native plugins compatible for Editor in 0.19 ms, found 0 plugins.
Preloading 0 native plugins for Editor in 0.00 ms.
Invoked RoslynAnalysisRunner static constructor.
RoslynAnalysisRunner will not be running.
RoslynAnalysisRunner has terminated.
Mono: successfully reloaded assembly
- Completed reload, in  0.650 seconds
Platform modules already initialized, skipping
Refreshing native plugins compatible for Editor in 0.19 ms, found 0 plugins.
Preloading 0 native plugins for Editor in 0.00 ms.
Unloading 1109 Unused Serialized files (Serialized files now loaded: 0)
System memory in use before: 57.0 MB.
System memory in use after: 57.0 MB.

Unloading 5 unused Assets to reduce memory usage. Loaded Objects now: 1592.
Total: 1.654000 ms (FindLiveObjects: 0.176600 ms CreateObjectMapping: 0.051800 ms MarkObjects: 1.360100 ms  DeleteObjects: 0.064500 ms)

========================================================================
Received Prepare
Registering precompiled user dll's ...
Registered in 0.000645 seconds.
Begin MonoManager ReloadAssembly
Native extension for WindowsStandalone target not found
Refreshing native plugins compatible for Editor in 0.22 ms, found 0 plugins.
Preloading 0 native plugins for Editor in 0.00 ms.
Invoked RoslynAnalysisRunner static constructor.
RoslynAnalysisRunner will not be running.
RoslynAnalysisRunner has terminated.
Mono: successfully reloaded assembly
- Completed reload, in  0.657 seconds
Platform modules already initialized, skipping
Refreshing native plugins compatible for Editor in 0.20 ms, found 0 plugins.
Preloading 0 native plugins for Editor in 0.00 ms.
Unloading 1109 Unused Serialized files (Serialized files now loaded: 0)
System memory in use before: 57.0 MB.
System memory in use after: 57.0 MB.

Unloading 5 unused Assets to reduce memory usage. Loaded Objects now: 1595.
Total: 1.647200 ms (FindLiveObjects: 0.159900 ms CreateObjectMapping: 0.046500 ms MarkObjects: 1.391500 ms  DeleteObjects: 0.048400 ms)

========================================================================
Received Prepare
Registering precompiled user dll's ...
Registered in 0.000491 seconds.
Begin MonoManager ReloadAssembly
Native extension for WindowsStandalone target not found
Refreshing native plugins compatible for Editor in 0.20 ms, found 0 plugins.
Preloading 0 native plugins for Editor in 0.00 ms.
Invoked RoslynAnalysisRunner static constructor.
RoslynAnalysisRunner will not be running.
RoslynAnalysisRunner has terminated.
Mono: successfully reloaded assembly
- Completed reload, in  0.633 seconds
Platform modules already initialized, skipping
Refreshing native plugins compatible for Editor in 0.21 ms, found 0 plugins.
Preloading 0 native plugins for Editor in 0.00 ms.
Unloading 1109 Unused Serialized files (Serialized files now loaded: 0)
System memory in use before: 57.0 MB.
System memory in use after: 57.0 MB.

Unloading 5 unused Assets to reduce memory usage. Loaded Objects now: 1598.
Total: 1.630700 ms (FindLiveObjects: 0.192400 ms CreateObjectMapping: 0.040500 ms MarkObjects: 1.336100 ms  DeleteObjects: 0.060900 ms)

========================================================================
Received Prepare
Registering precompiled user dll's ...
Registered in 0.000525 seconds.
Begin MonoManager ReloadAssembly
Native extension for WindowsStandalone target not found
Refreshing native plugins compatible for Editor in 0.38 ms, found 0 plugins.
Preloading 0 native plugins for Editor in 0.00 ms.
Invoked RoslynAnalysisRunner static constructor.
RoslynAnalysisRunner will not be running.
RoslynAnalysisRunner has terminated.
Mono: successfully reloaded assembly
- Completed reload, in  0.816 seconds
Platform modules already initialized, skipping
Refreshing native plugins compatible for Editor in 0.63 ms, found 0 plugins.
Preloading 0 native plugins for Editor in 0.00 ms.
Unloading 1109 Unused Serialized files (Serialized files now loaded: 0)
System memory in use before: 57.0 MB.
System memory in use after: 57.0 MB.

Unloading 5 unused Assets to reduce memory usage. Loaded Objects now: 1601.
Total: 12.488300 ms (FindLiveObjects: 0.405000 ms CreateObjectMapping: 0.449500 ms MarkObjects: 11.499000 ms  DeleteObjects: 0.132000 ms)

========================================================================
Received Prepare
Registering precompiled user dll's ...
Registered in 0.000504 seconds.
Begin MonoManager ReloadAssembly
Native extension for WindowsStandalone target not found
Refreshing native plugins compatible for Editor in 0.50 ms, found 0 plugins.
Preloading 0 native plugins for Editor in 0.00 ms.
Invoked RoslynAnalysisRunner static constructor.
RoslynAnalysisRunner will not be running.
RoslynAnalysisRunner has terminated.
Mono: successfully reloaded assembly
- Completed reload, in  0.666 seconds
Platform modules already initialized, skipping
Refreshing native plugins compatible for Editor in 0.20 ms, found 0 plugins.
Preloading 0 native plugins for Editor in 0.00 ms.
Unloading 1109 Unused Serialized files (Serialized files now loaded: 0)
System memory in use before: 57.0 MB.
System memory in use after: 57.1 MB.

Unloading 5 unused Assets to reduce memory usage. Loaded Objects now: 1604.
Total: 1.794700 ms (FindLiveObjects: 0.185700 ms CreateObjectMapping: 0.062900 ms MarkObjects: 1.454800 ms  DeleteObjects: 0.090400 ms)

========================================================================
Received Prepare
Registering precompiled user dll's ...
Registered in 0.000506 seconds.
Begin MonoManager ReloadAssembly
Native extension for WindowsStandalone target not found
Refreshing native plugins compatible for Editor in 0.20 ms, found 0 plugins.
Preloading 0 native plugins for Editor in 0.00 ms.
Invoked RoslynAnalysisRunner static constructor.
RoslynAnalysisRunner will not be running.
RoslynAnalysisRunner has terminated.
Mono: successfully reloaded assembly
- Completed reload, in  0.643 seconds
Platform modules already initialized, skipping
Refreshing native plugins compatible for Editor in 0.19 ms, found 0 plugins.
Preloading 0 native plugins for Editor in 0.00 ms.
Unloading 1109 Unused Serialized files (Serialized files now loaded: 0)
System memory in use before: 57.0 MB.
System memory in use after: 57.1 MB.

Unloading 5 unused Assets to reduce memory usage. Loaded Objects now: 1607.
Total: 1.688800 ms (FindLiveObjects: 0.204400 ms CreateObjectMapping: 0.061100 ms MarkObjects: 1.363500 ms  DeleteObjects: 0.058700 ms)

========================================================================
Received Prepare
Registering precompiled user dll's ...
Registered in 0.000467 seconds.
Begin MonoManager ReloadAssembly
Native extension for WindowsStandalone target not found
Refreshing native plugins compatible for Editor in 0.19 ms, found 0 plugins.
Preloading 0 native plugins for Editor in 0.00 ms.
Invoked RoslynAnalysisRunner static constructor.
RoslynAnalysisRunner will not be running.
RoslynAnalysisRunner has terminated.
Mono: successfully reloaded assembly
- Completed reload, in  0.654 seconds
Platform modules already initialized, skipping
Refreshing native plugins compatible for Editor in 0.19 ms, found 0 plugins.
Preloading 0 native plugins for Editor in 0.00 ms.
Unloading 1109 Unused Serialized files (Serialized files now loaded: 0)
System memory in use before: 57.0 MB.
System memory in use after: 57.1 MB.

Unloading 5 unused Assets to reduce memory usage. Loaded Objects now: 1610.
Total: 1.916200 ms (FindLiveObjects: 0.199100 ms CreateObjectMapping: 0.042400 ms MarkObjects: 1.592100 ms  DeleteObjects: 0.080800 ms)

========================================================================
Received Prepare
Registering precompiled user dll's ...
Registered in 0.000517 seconds.
Begin MonoManager ReloadAssembly
Native extension for WindowsStandalone target not found
Refreshing native plugins compatible for Editor in 0.20 ms, found 0 plugins.
Preloading 0 native plugins for Editor in 0.00 ms.
Invoked RoslynAnalysisRunner static constructor.
RoslynAnalysisRunner will not be running.
RoslynAnalysisRunner has terminated.
Mono: successfully reloaded assembly
- Completed reload, in  0.672 seconds
Platform modules already initialized, skipping
Refreshing native plugins compatible for Editor in 0.20 ms, found 0 plugins.
Preloading 0 native plugins for Editor in 0.00 ms.
Unloading 1109 Unused Serialized files (Serialized files now loaded: 0)
System memory in use before: 57.0 MB.
System memory in use after: 57.1 MB.

Unloading 5 unused Assets to reduce memory usage. Loaded Objects now: 1613.
Total: 1.900600 ms (FindLiveObjects: 0.254100 ms CreateObjectMapping: 0.069700 ms MarkObjects: 1.504000 ms  DeleteObjects: 0.071300 ms)

========================================================================
Received Prepare
Registering precompiled user dll's ...
Registered in 0.000568 seconds.
Begin MonoManager ReloadAssembly
Native extension for WindowsStandalone target not found
Refreshing native plugins compatible for Editor in 0.32 ms, found 0 plugins.
Preloading 0 native plugins for Editor in 0.00 ms.
Invoked RoslynAnalysisRunner static constructor.
RoslynAnalysisRunner will not be running.
RoslynAnalysisRunner has terminated.
Mono: successfully reloaded assembly
- Completed reload, in  0.721 seconds
Platform modules already initialized, skipping
Refreshing native plugins compatible for Editor in 0.21 ms, found 0 plugins.
Preloading 0 native plugins for Editor in 0.00 ms.
Unloading 1109 Unused Serialized files (Serialized files now loaded: 0)
System memory in use before: 57.0 MB.
System memory in use after: 57.1 MB.

Unloading 5 unused Assets to reduce memory usage. Loaded Objects now: 1616.
Total: 1.652100 ms (FindLiveObjects: 0.213900 ms CreateObjectMapping: 0.039200 ms MarkObjects: 1.322400 ms  DeleteObjects: 0.075000 ms)

========================================================================
Received Prepare
Registering precompiled user dll's ...
Registered in 0.000503 seconds.
Begin MonoManager ReloadAssembly
Native extension for WindowsStandalone target not found
Refreshing native plugins compatible for Editor in 0.29 ms, found 0 plugins.
Preloading 0 native plugins for Editor in 0.00 ms.
Invoked RoslynAnalysisRunner static constructor.
RoslynAnalysisRunner will not be running.
RoslynAnalysisRunner has terminated.
Mono: successfully reloaded assembly
- Completed reload, in  0.674 seconds
Platform modules already initialized, skipping
Refreshing native plugins compatible for Editor in 0.20 ms, found 0 plugins.
Preloading 0 native plugins for Editor in 0.00 ms.
Unloading 1109 Unused Serialized files (Serialized files now loaded: 0)
System memory in use before: 57.0 MB.
System memory in use after: 57.1 MB.

Unloading 5 unused Assets to reduce memory usage. Loaded Objects now: 1619.
Total: 1.898300 ms (FindLiveObjects: 0.240600 ms CreateObjectMapping: 0.080300 ms MarkObjects: 1.491200 ms  DeleteObjects: 0.085000 ms)

========================================================================
Received Prepare
Registering precompiled user dll's ...
Registered in 0.000490 seconds.
Begin MonoManager ReloadAssembly
Native extension for WindowsStandalone target not found
Refreshing native plugins compatible for Editor in 0.20 ms, found 0 plugins.
Preloading 0 native plugins for Editor in 0.00 ms.
Invoked RoslynAnalysisRunner static constructor.
RoslynAnalysisRunner will not be running.
RoslynAnalysisRunner has terminated.
Mono: successfully reloaded assembly
- Completed reload, in  0.651 seconds
Platform modules already initialized, skipping
Refreshing native plugins compatible for Editor in 0.19 ms, found 0 plugins.
Preloading 0 native plugins for Editor in 0.00 ms.
Unloading 1109 Unused Serialized files (Serialized files now loaded: 0)
System memory in use before: 57.0 MB.
System memory in use after: 57.1 MB.

Unloading 5 unused Assets to reduce memory usage. Loaded Objects now: 1622.
Total: 1.495500 ms (FindLiveObjects: 0.138500 ms CreateObjectMapping: 0.041600 ms MarkObjects: 1.236900 ms  DeleteObjects: 0.077700 ms)

========================================================================
Received Prepare
Registering precompiled user dll's ...
Registered in 0.000466 seconds.
Begin MonoManager ReloadAssembly
Native extension for WindowsStandalone target not found
Refreshing native plugins compatible for Editor in 0.20 ms, found 0 plugins.
Preloading 0 native plugins for Editor in 0.00 ms.
Invoked RoslynAnalysisRunner static constructor.
RoslynAnalysisRunner will not be running.
RoslynAnalysisRunner has terminated.
Mono: successfully reloaded assembly
- Completed reload, in  0.665 seconds
Platform modules already initialized, skipping
Refreshing native plugins compatible for Editor in 0.20 ms, found 0 plugins.
Preloading 0 native plugins for Editor in 0.00 ms.
Unloading 1109 Unused Serialized files (Serialized files now loaded: 0)
System memory in use before: 57.0 MB.
System memory in use after: 57.1 MB.

Unloading 5 unused Assets to reduce memory usage. Loaded Objects now: 1625.
Total: 1.881100 ms (FindLiveObjects: 0.304900 ms CreateObjectMapping: 0.100100 ms MarkObjects: 1.427300 ms  DeleteObjects: 0.047900 ms)

========================================================================
Received Prepare
Registering precompiled user dll's ...
Registered in 0.000496 seconds.
Begin MonoManager ReloadAssembly
Native extension for WindowsStandalone target not found
Refreshing native plugins compatible for Editor in 0.19 ms, found 0 plugins.
Preloading 0 native plugins for Editor in 0.00 ms.
Invoked RoslynAnalysisRunner static constructor.
RoslynAnalysisRunner will not be running.
RoslynAnalysisRunner has terminated.
Mono: successfully reloaded assembly
- Completed reload, in  0.640 seconds
Platform modules already initialized, skipping
Refreshing native plugins compatible for Editor in 0.20 ms, found 0 plugins.
Preloading 0 native plugins for Editor in 0.00 ms.
Unloading 1109 Unused Serialized files (Serialized files now loaded: 0)
System memory in use before: 57.0 MB.
System memory in use after: 57.1 MB.

Unloading 5 unused Assets to reduce memory usage. Loaded Objects now: 1628.
Total: 1.564700 ms (FindLiveObjects: 0.148200 ms CreateObjectMapping: 0.037200 ms MarkObjects: 1.303100 ms  DeleteObjects: 0.075400 ms)

========================================================================
Received Prepare
Registering precompiled user dll's ...
Registered in 0.000748 seconds.
Begin MonoManager ReloadAssembly
Native extension for WindowsStandalone target not found
Refreshing native plugins compatible for Editor in 0.19 ms, found 0 plugins.
Preloading 0 native plugins for Editor in 0.00 ms.
Invoked RoslynAnalysisRunner static constructor.
RoslynAnalysisRunner will not be running.
RoslynAnalysisRunner has terminated.
Mono: successfully reloaded assembly
- Completed reload, in  0.740 seconds
Platform modules already initialized, skipping
Refreshing native plugins compatible for Editor in 0.19 ms, found 0 plugins.
Preloading 0 native plugins for Editor in 0.00 ms.
Unloading 1109 Unused Serialized files (Serialized files now loaded: 0)
System memory in use before: 57.0 MB.
System memory in use after: 57.1 MB.

Unloading 5 unused Assets to reduce memory usage. Loaded Objects now: 1631.
Total: 1.500400 ms (FindLiveObjects: 0.163600 ms CreateObjectMapping: 0.041500 ms MarkObjects: 1.248300 ms  DeleteObjects: 0.045700 ms)

========================================================================
Received Prepare
Registering precompiled user dll's ...
Registered in 0.000540 seconds.
Begin MonoManager ReloadAssembly
Native extension for WindowsStandalone target not found
Refreshing native plugins compatible for Editor in 0.20 ms, found 0 plugins.
Preloading 0 native plugins for Editor in 0.00 ms.
Invoked RoslynAnalysisRunner static constructor.
RoslynAnalysisRunner will not be running.
RoslynAnalysisRunner has terminated.
Mono: successfully reloaded assembly
- Completed reload, in  0.656 seconds
Platform modules already initialized, skipping
Refreshing native plugins compatible for Editor in 0.21 ms, found 0 plugins.
Preloading 0 native plugins for Editor in 0.00 ms.
Unloading 1109 Unused Serialized files (Serialized files now loaded: 0)
System memory in use before: 57.0 MB.
System memory in use after: 57.1 MB.

Unloading 5 unused Assets to reduce memory usage. Loaded Objects now: 1634.
Total: 1.791700 ms (FindLiveObjects: 0.202300 ms CreateObjectMapping: 0.046500 ms MarkObjects: 1.491000 ms  DeleteObjects: 0.051100 ms)

========================================================================
Received Prepare
Registering precompiled user dll's ...
Registered in 0.000555 seconds.
Begin MonoManager ReloadAssembly
Native extension for WindowsStandalone target not found
Refreshing native plugins compatible for Editor in 0.20 ms, found 0 plugins.
Preloading 0 native plugins for Editor in 0.00 ms.
Invoked RoslynAnalysisRunner static constructor.
RoslynAnalysisRunner will not be running.
RoslynAnalysisRunner has terminated.
Mono: successfully reloaded assembly
- Completed reload, in  0.636 seconds
Platform modules already initialized, skipping
Refreshing native plugins compatible for Editor in 0.19 ms, found 0 plugins.
Preloading 0 native plugins for Editor in 0.00 ms.
Unloading 1109 Unused Serialized files (Serialized files now loaded: 0)
System memory in use before: 57.0 MB.
System memory in use after: 57.1 MB.

Unloading 5 unused Assets to reduce memory usage. Loaded Objects now: 1637.
Total: 1.883400 ms (FindLiveObjects: 0.328700 ms CreateObjectMapping: 0.106500 ms MarkObjects: 1.402600 ms  DeleteObjects: 0.044700 ms)

========================================================================
Received Prepare
Registering precompiled user dll's ...
Registered in 0.000528 seconds.
Begin MonoManager ReloadAssembly
Native extension for WindowsStandalone target not found
Refreshing native plugins compatible for Editor in 0.19 ms, found 0 plugins.
Preloading 0 native plugins for Editor in 0.00 ms.
Invoked RoslynAnalysisRunner static constructor.
RoslynAnalysisRunner will not be running.
RoslynAnalysisRunner has terminated.
Mono: successfully reloaded assembly
- Completed reload, in  0.624 seconds
Platform modules already initialized, skipping
Refreshing native plugins compatible for Editor in 0.19 ms, found 0 plugins.
Preloading 0 native plugins for Editor in 0.00 ms.
Unloading 1109 Unused Serialized files (Serialized files now loaded: 0)
System memory in use before: 57.0 MB.
System memory in use after: 57.1 MB.

Unloading 5 unused Assets to reduce memory usage. Loaded Objects now: 1640.
Total: 1.705700 ms (FindLiveObjects: 0.222100 ms CreateObjectMapping: 0.046500 ms MarkObjects: 1.349500 ms  DeleteObjects: 0.086900 ms)

========================================================================
Received Prepare
Registering precompiled user dll's ...
Registered in 0.000492 seconds.
Begin MonoManager ReloadAssembly
Native extension for WindowsStandalone target not found
Refreshing native plugins compatible for Editor in 0.22 ms, found 0 plugins.
Preloading 0 native plugins for Editor in 0.00 ms.
Invoked RoslynAnalysisRunner static constructor.
RoslynAnalysisRunner will not be running.
RoslynAnalysisRunner has terminated.
Mono: successfully reloaded assembly
- Completed reload, in  0.666 seconds
Platform modules already initialized, skipping
Refreshing native plugins compatible for Editor in 0.19 ms, found 0 plugins.
Preloading 0 native plugins for Editor in 0.00 ms.
Unloading 1109 Unused Serialized files (Serialized files now loaded: 0)
System memory in use before: 57.0 MB.
System memory in use after: 57.1 MB.

Unloading 5 unused Assets to reduce memory usage. Loaded Objects now: 1643.
Total: 2.001000 ms (FindLiveObjects: 0.228700 ms CreateObjectMapping: 0.046600 ms MarkObjects: 1.637700 ms  DeleteObjects: 0.086800 ms)

========================================================================
Received Prepare
Registering precompiled user dll's ...
Registered in 0.000544 seconds.
Begin MonoManager ReloadAssembly
Native extension for WindowsStandalone target not found
Refreshing native plugins compatible for Editor in 0.19 ms, found 0 plugins.
Preloading 0 native plugins for Editor in 0.00 ms.
Invoked RoslynAnalysisRunner static constructor.
RoslynAnalysisRunner will not be running.
RoslynAnalysisRunner has terminated.
Mono: successfully reloaded assembly
- Completed reload, in  0.612 seconds
Platform modules already initialized, skipping
Refreshing native plugins compatible for Editor in 0.20 ms, found 0 plugins.
Preloading 0 native plugins for Editor in 0.00 ms.
Unloading 1109 Unused Serialized files (Serialized files now loaded: 0)
System memory in use before: 57.0 MB.
System memory in use after: 57.1 MB.

Unloading 5 unused Assets to reduce memory usage. Loaded Objects now: 1646.
Total: 1.601400 ms (FindLiveObjects: 0.175900 ms CreateObjectMapping: 0.048500 ms MarkObjects: 1.300700 ms  DeleteObjects: 0.075500 ms)

========================================================================
Received Prepare
Registering precompiled user dll's ...
Registered in 0.000567 seconds.
Begin MonoManager ReloadAssembly
Native extension for WindowsStandalone target not found
Refreshing native plugins compatible for Editor in 0.20 ms, found 0 plugins.
Preloading 0 native plugins for Editor in 0.00 ms.
Invoked RoslynAnalysisRunner static constructor.
RoslynAnalysisRunner will not be running.
RoslynAnalysisRunner has terminated.
Mono: successfully reloaded assembly
- Completed reload, in  0.669 seconds
Platform modules already initialized, skipping
Refreshing native plugins compatible for Editor in 0.20 ms, found 0 plugins.
Preloading 0 native plugins for Editor in 0.00 ms.
Unloading 1109 Unused Serialized files (Serialized files now loaded: 0)
System memory in use before: 57.0 MB.
System memory in use after: 57.1 MB.

Unloading 5 unused Assets to reduce memory usage. Loaded Objects now: 1649.
Total: 1.655300 ms (FindLiveObjects: 0.168100 ms CreateObjectMapping: 0.044500 ms MarkObjects: 1.367700 ms  DeleteObjects: 0.058800 ms)

========================================================================
Received Prepare
Registering precompiled user dll's ...
Registered in 0.000510 seconds.
Begin MonoManager ReloadAssembly
Native extension for WindowsStandalone target not found
Refreshing native plugins compatible for Editor in 0.20 ms, found 0 plugins.
Preloading 0 native plugins for Editor in 0.00 ms.
Invoked RoslynAnalysisRunner static constructor.
RoslynAnalysisRunner will not be running.
RoslynAnalysisRunner has terminated.
Mono: successfully reloaded assembly
- Completed reload, in  0.656 seconds
Platform modules already initialized, skipping
Refreshing native plugins compatible for Editor in 0.21 ms, found 0 plugins.
Preloading 0 native plugins for Editor in 0.00 ms.
Unloading 1109 Unused Serialized files (Serialized files now loaded: 0)
System memory in use before: 57.0 MB.
System memory in use after: 57.1 MB.

Unloading 5 unused Assets to reduce memory usage. Loaded Objects now: 1652.
Total: 1.704800 ms (FindLiveObjects: 0.259900 ms CreateObjectMapping: 0.060200 ms MarkObjects: 1.299600 ms  DeleteObjects: 0.083800 ms)

========================================================================
Received Prepare
Registering precompiled user dll's ...
Registered in 0.000598 seconds.
Begin MonoManager ReloadAssembly
Native extension for WindowsStandalone target not found
Refreshing native plugins compatible for Editor in 0.20 ms, found 0 plugins.
Preloading 0 native plugins for Editor in 0.00 ms.
Invoked RoslynAnalysisRunner static constructor.
RoslynAnalysisRunner will not be running.
RoslynAnalysisRunner has terminated.
Mono: successfully reloaded assembly
- Completed reload, in  0.681 seconds
Platform modules already initialized, skipping
Refreshing native plugins compatible for Editor in 0.20 ms, found 0 plugins.
Preloading 0 native plugins for Editor in 0.00 ms.
Unloading 1109 Unused Serialized files (Serialized files now loaded: 0)
System memory in use before: 57.0 MB.
System memory in use after: 57.1 MB.

Unloading 5 unused Assets to reduce memory usage. Loaded Objects now: 1655.
Total: 2.080400 ms (FindLiveObjects: 0.344400 ms CreateObjectMapping: 0.082900 ms MarkObjects: 1.589600 ms  DeleteObjects: 0.062100 ms)

========================================================================
Received Prepare
Registering precompiled user dll's ...
Registered in 0.000505 seconds.
Begin MonoManager ReloadAssembly
Native extension for WindowsStandalone target not found
Refreshing native plugins compatible for Editor in 0.20 ms, found 0 plugins.
Preloading 0 native plugins for Editor in 0.00 ms.
Invoked RoslynAnalysisRunner static constructor.
RoslynAnalysisRunner will not be running.
RoslynAnalysisRunner has terminated.
Mono: successfully reloaded assembly
- Completed reload, in  0.652 seconds
Platform modules already initialized, skipping
Refreshing native plugins compatible for Editor in 0.20 ms, found 0 plugins.
Preloading 0 native plugins for Editor in 0.00 ms.
Unloading 1109 Unused Serialized files (Serialized files now loaded: 0)
System memory in use before: 57.1 MB.
System memory in use after: 57.1 MB.

Unloading 5 unused Assets to reduce memory usage. Loaded Objects now: 1658.
Total: 1.603200 ms (FindLiveObjects: 0.141700 ms CreateObjectMapping: 0.035200 ms MarkObjects: 1.350800 ms  DeleteObjects: 0.074800 ms)

AssetImportWorkerClient::OnTransportError - code=2 error=End of file
